<?xml version="1.0" encoding="UTF-8"?>
<testsuites name="Mocha Tests" time="46.357" tests="1" failures="1">
  <testsuite name="Root Suite" timestamp="2023-10-20T10:33:43" tests="0" file="cypress\e2e\KYC\NEW_CUSTOMER_REQUEST.cy.js" time="0.000" failures="0">
  </testsuite>
  <testsuite name="NEW CUSTOMER REQUEST" timestamp="2023-10-20T10:33:43" tests="1" time="46.353" failures="1">
    <testcase name="NEW CUSTOMER REQUEST NEW CUSTOMER REQUEST SAVE AS DAFRT &amp; SUBMIT " time="0.000" classname="NEW CUSTOMER REQUEST SAVE AS DAFRT &amp; SUBMIT ">
      <failure message="Timed out retrying after 4000ms: Expected to find element: `[data-notify=&quot;message&quot;]`, but never found it." type="AssertionError"><![CDATA[AssertionError: Timed out retrying after 4000ms: Expected to find element: `[data-notify="message"]`, but never found it.
    at Context.eval (webpack://cypress-junit-azure-devops/./cypress/e2e/KYC/NEW_CUSTOMER_REQUEST.cy.js:60:42)]]></failure>
    </testcase>
  </testsuite>
</testsuites>