<?xml version="1.0" encoding="UTF-8"?>
<testsuites name="Mocha Tests" time="0.601" tests="1" failures="2">
  <testsuite name="Root Suite" timestamp="2023-10-20T10:27:00" tests="0" file="cypress\e2e\FEEDSTOCKFULL\FeedStock\Revision.cy.js" time="0.000" failures="0">
  </testsuite>
  <testsuite name="Revision" timestamp="2023-10-20T10:27:00" tests="1" time="0.596" failures="2">
    <testcase name="Revision &quot;before each&quot; hook for &quot;Revision&quot;" time="0.000" classname="&quot;before each&quot; hook for &quot;Revision&quot;">
      <failure message="The cypress-ntlm-auth plugin must be loaded before using this method

Because this error occurred during a `before each` hook we are skipping the remaining tests in the current suite: `Revision`" type="Error"><![CDATA[Error: The cypress-ntlm-auth plugin must be loaded before using this method

Because this error occurred during a `before each` hook we are skipping the remaining tests in the current suite: `Revision`
    at Context.ntlm (webpack://cypress-junit-azure-devops/../../node_modules/cypress-ntlm-auth/dist/commands/index.js:35:0)]]></failure>
    </testcase>
    <testcase name="Revision &quot;after each&quot; hook for &quot;Revision&quot;" time="0.000" classname="&quot;after each&quot; hook for &quot;Revision&quot;">
      <failure message="done is not defined

Because this error occurred during a `after each` hook we are skipping the remaining tests in the current suite: `Revision`" type="ReferenceError"><![CDATA[ReferenceError: done is not defined

Because this error occurred during a `after each` hook we are skipping the remaining tests in the current suite: `Revision`
    at Context.eval (webpack://cypress-junit-azure-devops/./cypress/e2e/FEEDSTOCKFULL/FeedStock/Revision.cy.js:11:4)]]></failure>
    </testcase>
  </testsuite>
</testsuites>