<?xml version="1.0" encoding="UTF-8"?>
<testsuites name="Mocha Tests" time="67.328" tests="1" failures="1">
  <testsuite name="Root Suite" timestamp="2023-10-20T10:34:37" tests="0" file="cypress\e2e\KYC\NEW_VENDOR_REQUEST.cy.js" time="0.000" failures="0">
  </testsuite>
  <testsuite name="NEW VENDOR REQUEST" timestamp="2023-10-20T10:34:37" tests="1" time="67.325" failures="1">
    <testcase name="NEW VENDOR REQUEST NEW VENDOR REQUEST SAVE AS DAFRT " time="0.000" classname="NEW VENDOR REQUEST SAVE AS DAFRT ">
      <failure message="Timed out retrying after 4000ms: Expected to find element: `#cphContent_btnSaveDraft`, but never found it." type="AssertionError"><![CDATA[AssertionError: Timed out retrying after 4000ms: Expected to find element: `#cphContent_btnSaveDraft`, but never found it.
    at Context.eval (webpack://cypress-junit-azure-devops/./cypress/e2e/KYC/NEW_VENDOR_REQUEST.cy.js:74:11)]]></failure>
    </testcase>
  </testsuite>
</testsuites>